<?xml version="1.0" encoding="UTF-8"?>
<!-- Generated by org.testng.reporters.JUnitReportReporter -->
<testsuite hostname="shivalis-MacBook-Air.local" failures="0" tests="11" name="testcase.GatewayPageTC" time="0.812" errors="1" timestamp="2024-05-16T11:52:38 IST" skipped="10">
  <testcase classname="testcase.GatewayPageTC" name="setUp" time="0.812">
    <error message="Could not start a new session. Response code 500. Message: session not created: This version of ChromeDriver only supports Chrome version 114
Current browser version is 125.0.6422.61 with binary path /Applications/Google Chrome.app/Contents/MacOS/Google Chrome 
Host info: host: &#039;shivalis-MacBook-Air.local&#039;, ip: &#039;2405:201:403f:c875:2588:c887:f68d:1396%en0&#039;
Build info: version: &#039;4.13.0&#039;, revision: &#039;ba948ece5b*&#039;
System info: os.name: &#039;Mac OS X&#039;, os.arch: &#039;aarch64&#039;, os.version: &#039;14.4.1&#039;, java.version: &#039;20.0.1&#039;
Driver info: org.openqa.selenium.chrome.ChromeDriver
Command: [null, newSession {capabilities=[Capabilities {browserName: chrome, goog:chromeOptions: {args: [--remote-allow-origins=*], extensions: []}}]}]" type="org.openqa.selenium.SessionNotCreatedException">
      <![CDATA[org.openqa.selenium.SessionNotCreatedException: Could not start a new session. Response code 500. Message: session not created: This version of ChromeDriver only supports Chrome version 114
Current browser version is 125.0.6422.61 with binary path /Applications/Google Chrome.app/Contents/MacOS/Google Chrome 
Host info: host: 'shivalis-MacBook-Air.local', ip: '2405:201:403f:c875:2588:c887:f68d:1396%en0'
Build info: version: '4.13.0', revision: 'ba948ece5b*'
System info: os.name: 'Mac OS X', os.arch: 'aarch64', os.version: '14.4.1', java.version: '20.0.1'
Driver info: org.openqa.selenium.chrome.ChromeDriver
Command: [null, newSession {capabilities=[Capabilities {browserName: chrome, goog:chromeOptions: {args: [--remote-allow-origins=*], extensions: []}}]}]
at org.openqa.selenium.remote.ProtocolHandshake.createSession(ProtocolHandshake.java:140)
at org.openqa.selenium.remote.ProtocolHandshake.createSession(ProtocolHandshake.java:96)
at org.openqa.selenium.remote.ProtocolHandshake.createSession(ProtocolHandshake.java:68)
at org.openqa.selenium.remote.HttpCommandExecutor.execute(HttpCommandExecutor.java:163)
at org.openqa.selenium.remote.service.DriverCommandExecutor.invokeExecute(DriverCommandExecutor.java:196)
at org.openqa.selenium.remote.service.DriverCommandExecutor.execute(DriverCommandExecutor.java:171)
at org.openqa.selenium.remote.RemoteWebDriver.execute(RemoteWebDriver.java:602)
at org.openqa.selenium.remote.RemoteWebDriver.startSession(RemoteWebDriver.java:236)
at org.openqa.selenium.remote.RemoteWebDriver.<init>(RemoteWebDriver.java:163)
at org.openqa.selenium.chromium.ChromiumDriver.<init>(ChromiumDriver.java:108)
at org.openqa.selenium.chrome.ChromeDriver.<init>(ChromeDriver.java:88)
at org.openqa.selenium.chrome.ChromeDriver.<init>(ChromeDriver.java:83)
at org.openqa.selenium.chrome.ChromeDriver.<init>(ChromeDriver.java:51)
at base.BaseTest.setUp(BaseTest.java:46)
at java.base/jdk.internal.reflect.DirectMethodHandleAccessor.invoke(DirectMethodHandleAccessor.java:104)
at java.base/java.lang.reflect.Method.invoke(Method.java:578)
at org.testng.internal.invokers.MethodInvocationHelper.invokeMethod(MethodInvocationHelper.java:139)
at org.testng.internal.invokers.MethodInvocationHelper.invokeMethodConsideringTimeout(MethodInvocationHelper.java:69)
at org.testng.internal.invokers.ConfigInvoker.invokeConfigurationMethod(ConfigInvoker.java:390)
at org.testng.internal.invokers.ConfigInvoker.invokeConfigurations(ConfigInvoker.java:325)
at org.testng.internal.invokers.TestMethodWorker.invokeBeforeClassMethods(TestMethodWorker.java:180)
at org.testng.internal.invokers.TestMethodWorker.run(TestMethodWorker.java:122)
at java.base/java.util.ArrayList.forEach(ArrayList.java:1511)
at org.testng.TestRunner.privateRun(TestRunner.java:848)
at org.testng.TestRunner.run(TestRunner.java:621)
at org.testng.SuiteRunner.runTest(SuiteRunner.java:443)
at org.testng.SuiteRunner.runSequentially(SuiteRunner.java:437)
at org.testng.SuiteRunner.privateRun(SuiteRunner.java:397)
at org.testng.SuiteRunner.run(SuiteRunner.java:336)
at org.testng.SuiteRunnerWorker.runSuite(SuiteRunnerWorker.java:52)
at org.testng.SuiteRunnerWorker.run(SuiteRunnerWorker.java:95)
at org.testng.TestNG.runSuitesSequentially(TestNG.java:1280)
at org.testng.TestNG.runSuitesLocally(TestNG.java:1200)
at org.testng.TestNG.runSuites(TestNG.java:1114)
at org.testng.TestNG.run(TestNG.java:1082)
at org.testng.remote.AbstractRemoteTestNG.run(AbstractRemoteTestNG.java:115)
at org.testng.remote.RemoteTestNG.initAndRun(RemoteTestNG.java:251)
at org.testng.remote.RemoteTestNG.main(RemoteTestNG.java:77)
]]>
    </error>
  </testcase> <!-- setUp -->
  <testcase classname="testcase.GatewayPageTC" name="initializeLogin" time="0.000">
    <skipped/>
  </testcase> <!-- initializeLogin -->
  <testcase classname="testcase.GatewayPageTC" name="gatewayTitleTest" time="0.000">
    <skipped/>
  </testcase> <!-- gatewayTitleTest -->
  <testcase classname="testcase.GatewayPageTC" name="userNameTest" time="0.000">
    <skipped/>
  </testcase> <!-- userNameTest -->
  <testcase classname="testcase.GatewayPageTC" name="settingsBtnTest" time="0.000">
    <skipped/>
  </testcase> <!-- settingsBtnTest -->
  <testcase classname="testcase.GatewayPageTC" name="leftNavBarBtnTest" time="0.000">
    <skipped/>
  </testcase> <!-- leftNavBarBtnTest -->
  <testcase classname="testcase.GatewayPageTC" name="aDTileTest" time="0.000">
    <skipped/>
  </testcase> <!-- aDTileTest -->
  <testcase classname="testcase.GatewayPageTC" name="approvalDisclosureTile" time="0.000">
    <skipped/>
  </testcase> <!-- approvalDisclosureTile -->
  <testcase classname="testcase.GatewayPageTC" name="tPMTileTest" time="0.000">
    <skipped/>
  </testcase> <!-- tPMTileTest -->
  <testcase classname="testcase.GatewayPageTC" name="campaignTileTest" time="0.000">
    <skipped/>
  </testcase> <!-- campaignTileTest -->
  <testcase classname="testcase.GatewayPageTC" name="compalianceTileTest" time="0.000">
    <skipped/>
  </testcase> <!-- compalianceTileTest -->
</testsuite> <!-- testcase.GatewayPageTC -->
